<?xml version="1.0" encoding="UTF-8"?>
<coverage generated="1658090723473" clover="3.2.0">
  <project timestamp="1658090723473" name="All files">
    <metrics statements="3" coveredstatements="3" conditionals="0" coveredconditionals="0" methods="1" coveredmethods="1" elements="4" coveredelements="4" complexity="0" loc="3" ncloc="3" packages="2" files="2" classes="2"/>
    <package name="assets.imgs">
      <metrics statements="1" coveredstatements="1" conditionals="0" coveredconditionals="0" methods="0" coveredmethods="0"/>
      <file name="profileImage.png" path="C:\Users\jffry\Documents\Coding\udemy\vuejs-paskhaver\job-search\src\assets\imgs\profileImage.png">
        <metrics statements="1" coveredstatements="1" conditionals="0" coveredconditionals="0" methods="0" coveredmethods="0"/>
        <line num="1" count="1" type="stmt"/>
      </file>
    </package>
    <package name="components">
      <metrics statements="2" coveredstatements="2" conditionals="0" coveredconditionals="0" methods="1" coveredmethods="1"/>
      <file name="ActionButton.vue" path="C:\Users\jffry\Documents\Coding\udemy\vuejs-paskhaver\job-search\src\components\ActionButton.vue">
        <metrics statements="2" coveredstatements="2" conditionals="0" coveredconditionals="0" methods="1" coveredmethods="1"/>
        <line num="8" count="2" type="stmt"/>
        <line num="22" count="8" type="stmt"/>
      </file>
    </package>
  </project>
</coverage>
