{"C:\\Users\\jffry\\Documents\\Coding\\udemy\\vuejs-paskhaver\\job-search\\src\\assets\\imgs\\profileImage.png": {"path":"C:\\Users\\jffry\\Documents\\Coding\\udemy\\vuejs-paskhaver\\job-search\\src\\assets\\imgs\\profileImage.png","statementMap":{"0":{"start":{"line":1,"column":0},"end":{"line":1,"column":19}}},"fnMap":{},"branchMap":{},"s":{"0":2},"f":{},"b":{},"_coverageSchema":"1a1c01bbd47fc00a2c39e90264f33305004495a9","hash":"3b6d4c144b2ee5377b304c4579204801425360fa"}
,"C:\\Users\\jffry\\Documents\\Coding\\udemy\\vuejs-paskhaver\\job-search\\src\\components\\ActionButton.vue": {"path":"C:\\Users\\jffry\\Documents\\Coding\\udemy\\vuejs-paskhaver\\job-search\\src\\components\\ActionButton.vue","statementMap":{"0":{"start":{"line":8,"column":15},"end":{"line":8,"column":null}},"1":{"start":{"line":19,"column":8},"end":{"line":19,"column":15}},"2":{"start":{"line":25,"column":6},"end":{"line":25,"column":13}}},"fnMap":{"0":{"name":"(anonymous_0)","decl":{"start":{"line":18,"column":6},"end":{"line":18,"column":15}},"loc":{"start":{"line":18,"column":23},"end":{"line":20,"column":null}}},"1":{"name":"(anonymous_1)","decl":{"start":{"line":24,"column":4},"end":{"line":24,"column":15}},"loc":{"start":{"line":24,"column":18},"end":{"line":28,"column":null}}}},"branchMap":{},"s":{"0":2,"1":9,"2":2},"f":{"0":9,"1":2},"b":{}}
,"C:\\Users\\jffry\\Documents\\Coding\\udemy\\vuejs-paskhaver\\job-search\\src\\components\\SubmenuNav.vue": {"path":"C:\\Users\\jffry\\Documents\\Coding\\udemy\\vuejs-paskhaver\\job-search\\src\\components\\SubmenuNav.vue","statementMap":{"0":{"start":{"line":16,"column":15},"end":{"line":16,"column":null}},"1":{"start":{"line":19,"column":4},"end":{"line":19,"column":11}}},"fnMap":{"0":{"name":"(anonymous_0)","decl":{"start":{"line":18,"column":2},"end":{"line":18,"column":6}},"loc":{"start":{"line":18,"column":9},"end":{"line":22,"column":null}}}},"branchMap":{},"s":{"0":2,"1":2},"f":{"0":2},"b":{}}
}
