{"C:\\Users\\jffry\\Documents\\Coding\\udemy\\vuejs-paskhaver\\job-search\\src\\assets\\imgs\\profileImage.png": {"path":"C:\\Users\\jffry\\Documents\\Coding\\udemy\\vuejs-paskhaver\\job-search\\src\\assets\\imgs\\profileImage.png","statementMap":{"0":{"start":{"line":1,"column":0},"end":{"line":1,"column":19}}},"fnMap":{},"branchMap":{},"s":{"0":1},"f":{},"b":{},"_coverageSchema":"1a1c01bbd47fc00a2c39e90264f33305004495a9","hash":"3b6d4c144b2ee5377b304c4579204801425360fa"}
,"C:\\Users\\jffry\\Documents\\Coding\\udemy\\vuejs-paskhaver\\job-search\\src\\components\\ActionButton.vue": {"path":"C:\\Users\\jffry\\Documents\\Coding\\udemy\\vuejs-paskhaver\\job-search\\src\\components\\ActionButton.vue","statementMap":{"0":{"start":{"line":8,"column":15},"end":{"line":8,"column":null}},"1":{"start":{"line":22,"column":6},"end":{"line":22,"column":13}}},"fnMap":{"0":{"name":"(anonymous_0)","decl":{"start":{"line":21,"column":4},"end":{"line":21,"column":15}},"loc":{"start":{"line":21,"column":18},"end":{"line":25,"column":null}}}},"branchMap":{},"s":{"0":2,"1":8},"f":{"0":8},"b":{}}
}
